2014-11-08 21:28:30: bob-satellite.bobchill.goodsync is on local network, trying direct connect at 192.168.11.104:33333
2014-11-08 21:28:30: -- Analysis Started by User
2014-11-08 21:28:30: L: State file does not exist: /Volumes/Data1/Html/hangup concept/PROD/_gsdata_/_file_state_v4._gs
2014-11-08 21:28:31: R: State file does not exist: gstp://bob-satellite.bobchill.goodsync/file:///~Bob/Desktop/site 1/hangup concept/PROD/_gsdata_/_file_state_v4._gs
2014-11-08 21:28:34: /global.min.css: Conflict: New files that differ
2014-11-08 21:28:34: /index.html: Conflict: New files that differ
2014-11-08 21:28:34: /script/barack.min.js: Conflict: New files that differ
2014-11-08 21:28:35: Analyze has finished with Conflicts. Resolve Conflicts by selecting the correct sync direction, then click Sync
2014-11-08 21:28:35: Changes: 9, Conflicts: 3, CopyTime: 0, CopyState: 0/1531, Errors: 0, All: 1637
2014-11-08 21:28:35: Left to Right: Copy File: 1 
2014-11-08 21:28:35: Right to Left: Copy File: 5 
2014-11-08 21:28:35: -- Analysis Complete. Time 00:00:05, Speed: 327 files/s
2014-11-08 21:28:35: 
2014-11-08 21:28:43: bob-satellite.bobchill.goodsync is on local network, trying direct connect at 192.168.11.104:33333
2014-11-08 21:28:44: New _gsdata_ folder(s) created, so rescan all job folders for their ghosts
2014-11-08 21:28:44: == Sync Started by User
2014-11-08 21:28:47: Copy New 'gstp://bob-satellite.bobchill.goodsync/file:///~Bob/Desktop/site 1/hangup concept/PROD/01.jpg' -> '/Volumes/Data1/Html/hangup concept/PROD/01.jpg'
2014-11-08 21:28:47: Copy New 'gstp://bob-satellite.bobchill.goodsync/file:///~Bob/Desktop/site 1/hangup concept/PROD/02.jpg' -> '/Volumes/Data1/Html/hangup concept/PROD/02.jpg'
2014-11-08 21:28:48: Copy New 'gstp://bob-satellite.bobchill.goodsync/file:///~Bob/Desktop/site 1/hangup concept/PROD/03.jpg' -> '/Volumes/Data1/Html/hangup concept/PROD/03.jpg'
2014-11-08 21:28:48: Copy New 'gstp://bob-satellite.bobchill.goodsync/file:///~Bob/Desktop/site 1/hangup concept/PROD/about.html' -> '/Volumes/Data1/Html/hangup concept/PROD/about.html'
2014-11-08 21:28:48: /global.min.css: unresolved conflict results in No Copy
2014-11-08 21:28:48: /index.html: unresolved conflict results in No Copy
2014-11-08 21:28:48: /script/barack.min.js: unresolved conflict results in No Copy
2014-11-08 21:28:48: Copy New '/Volumes/Data1/Html/hangup concept/PROD/script/component.css' -> 'gstp://bob-satellite.bobchill.goodsync/file:///~Bob/Desktop/site 1/hangup concept/PROD/script/component.css'
2014-11-08 21:28:48: Copy New 'gstp://bob-satellite.bobchill.goodsync/file:///~Bob/Desktop/site 1/hangup concept/PROD/workshop_index.html' -> '/Volumes/Data1/Html/hangup concept/PROD/workshop_index.html'
2014-11-08 21:28:48: == Sync Complete. Time: 00:00:05, Speed: 562.9 KB/s, OK: 1537, Errors: 0, Conflicts: 3
2014-11-08 21:28:48: 
2014-11-08 21:29:10: bob-satellite.bobchill.goodsync is on local network, trying direct connect at 192.168.11.104:33333
2014-11-08 21:29:10: == Sync Started by User
2014-11-08 21:29:10: Copy Over 'gstp://bob-satellite.bobchill.goodsync/file:///~Bob/Desktop/site 1/hangup concept/PROD/global.min.css' -> '/Volumes/Data1/Html/hangup concept/PROD/global.min.css' (User Action)
2014-11-08 21:29:10: /index.html: unresolved conflict results in No Copy
2014-11-08 21:29:10: /script/barack.min.js: unresolved conflict results in No Copy
2014-11-08 21:29:11: == Sync Complete. Time: 00:00:01, Speed: 37.2 KB/s, OK: 1, Errors: 0, Conflicts: 2
2014-11-08 21:29:11: 
2014-11-08 21:29:44: bob-satellite.bobchill.goodsync is on local network, trying direct connect at 192.168.11.104:33333
2014-11-08 21:29:44: == Sync Started by User
2014-11-08 21:29:44: Copy Over 'gstp://bob-satellite.bobchill.goodsync/file:///~Bob/Desktop/site 1/hangup concept/PROD/index.html' -> '/Volumes/Data1/Html/hangup concept/PROD/index.html' (User Action)
2014-11-08 21:29:44: Copy Over 'gstp://bob-satellite.bobchill.goodsync/file:///~Bob/Desktop/site 1/hangup concept/PROD/script/barack.min.js' -> '/Volumes/Data1/Html/hangup concept/PROD/script/barack.min.js' (User Action)
2014-11-08 21:29:45: == Sync Complete. Time: 00:00:01, Speed: 32.0 KB/s, OK: 2, Errors: 0
2014-11-08 21:29:45: 
